  [1m[35m (58.0ms)[0m  [1m[35mSET NAMES utf8,  @@SESSION.sql_mode = CONCAT(CONCAT(@@sql_mode, ',STRICT_ALL_TABLES'), ',NO_AUTO_VALUE_ON_ZERO'),  @@SESSION.sql_auto_is_null = 0, @@SESSION.wait_timeout = 2147483[0m
  ↳ bin/rails:9
  [1m[35m (9.1ms)[0m  [1m[35mCREATE DATABASE `view_drill_development` DEFAULT CHARACTER SET `utf8`[0m
  ↳ bin/rails:9
  [1m[35m (0.3ms)[0m  [1m[35mSET NAMES utf8,  @@SESSION.sql_mode = CONCAT(CONCAT(@@sql_mode, ',STRICT_ALL_TABLES'), ',NO_AUTO_VALUE_ON_ZERO'),  @@SESSION.sql_auto_is_null = 0, @@SESSION.wait_timeout = 2147483[0m
  ↳ bin/rails:9
  [1m[35m (0.8ms)[0m  [1m[35mCREATE DATABASE `view_drill_test` DEFAULT CHARACTER SET `utf8`[0m
  ↳ bin/rails:9
Started GET "/" for ::1 at 2019-12-14 13:23:03 +0900
  [1m[35m (0.3ms)[0m  [1m[35mSET NAMES utf8,  @@SESSION.sql_mode = CONCAT(CONCAT(@@sql_mode, ',STRICT_ALL_TABLES'), ',NO_AUTO_VALUE_ON_ZERO'),  @@SESSION.sql_auto_is_null = 0, @@SESSION.wait_timeout = 2147483[0m
  ↳ /Users/yuzurusatou/.rbenv/versions/2.5.1/lib/ruby/gems/2.5.0/gems/activerecord-5.2.4/lib/active_record/log_subscriber.rb:98
Processing by PostsController#index as HTML
  Rendering posts/index.html.haml within layouts/application
  Rendered posts/index.html.haml within layouts/application (4.5ms)
Completed 200 OK in 500ms (Views: 494.1ms | ActiveRecord: 0.0ms)


Started GET "/" for ::1 at 2019-12-14 13:29:43 +0900
  [1m[35m (0.3ms)[0m  [1m[35mSET NAMES utf8,  @@SESSION.sql_mode = CONCAT(CONCAT(@@sql_mode, ',STRICT_ALL_TABLES'), ',NO_AUTO_VALUE_ON_ZERO'),  @@SESSION.sql_auto_is_null = 0, @@SESSION.wait_timeout = 2147483[0m
  ↳ /Users/yuzurusatou/.rbenv/versions/2.5.1/lib/ruby/gems/2.5.0/gems/activerecord-5.2.4/lib/active_record/log_subscriber.rb:98
Processing by PostsController#index as HTML
  Rendering posts/index.html.haml within layouts/application
  Rendered posts/index.html.haml within layouts/application (1.9ms)
Completed 200 OK in 21ms (Views: 18.3ms | ActiveRecord: 0.0ms)


Started GET "/" for ::1 at 2019-12-14 13:29:48 +0900
Processing by PostsController#index as HTML
  Rendering posts/index.html.haml within layouts/application
  Rendered posts/index.html.haml within layouts/application (1.7ms)
Completed 200 OK in 21ms (Views: 18.2ms | ActiveRecord: 0.0ms)


Started GET "/" for ::1 at 2019-12-14 13:32:59 +0900
Processing by PostsController#index as HTML
  Rendering posts/index.html.haml within layouts/application
  Rendered posts/index.html.haml within layouts/application (2.4ms)
Completed 200 OK in 41ms (Views: 38.0ms | ActiveRecord: 0.0ms)


Started GET "/" for ::1 at 2019-12-14 13:38:58 +0900
  [1m[35m (0.3ms)[0m  [1m[35mSET NAMES utf8,  @@SESSION.sql_mode = CONCAT(CONCAT(@@sql_mode, ',STRICT_ALL_TABLES'), ',NO_AUTO_VALUE_ON_ZERO'),  @@SESSION.sql_auto_is_null = 0, @@SESSION.wait_timeout = 2147483[0m
  ↳ /Users/yuzurusatou/.rbenv/versions/2.5.1/lib/ruby/gems/2.5.0/gems/activerecord-5.2.4/lib/active_record/log_subscriber.rb:98
Processing by PostsController#index as HTML
  Rendering posts/index.html.haml within layouts/application
  Rendered posts/index.html.haml within layouts/application (155.3ms)
Completed 500 Internal Server Error in 161ms (ActiveRecord: 0.0ms)


  
ActionView::Template::Error (undefined method `to' for #<#<Class:0x00007fe7f11c96a8>:0x00007fe7f6c6e0e0>
Did you mean?  t):
    4: .contents
    5:   .contents__message
    6:     follow me!
    7:   =link to "https://www.facebook.com/",class: "contents__btn" do
    8:     Facebook
    9:   =link to "https://twitter.com/",class: "contents__btn" do
   10:     Twitter
  
app/views/posts/index.html.haml:7:in `_app_views_posts_index_html_haml___102981482998248297_70317127202020'
Started GET "/" for ::1 at 2019-12-14 13:39:31 +0900
Processing by PostsController#index as HTML
  Rendering posts/index.html.haml within layouts/application
  Rendered posts/index.html.haml within layouts/application (4.3ms)
Completed 200 OK in 29ms (Views: 26.5ms | ActiveRecord: 0.0ms)


Started GET "/" for ::1 at 2019-12-14 14:00:40 +0900
  [1m[35m (0.3ms)[0m  [1m[35mSET NAMES utf8,  @@SESSION.sql_mode = CONCAT(CONCAT(@@sql_mode, ',STRICT_ALL_TABLES'), ',NO_AUTO_VALUE_ON_ZERO'),  @@SESSION.sql_auto_is_null = 0, @@SESSION.wait_timeout = 2147483[0m
  ↳ /Users/yuzurusatou/.rbenv/versions/2.5.1/lib/ruby/gems/2.5.0/gems/activerecord-5.2.4/lib/active_record/log_subscriber.rb:98
Processing by PostsController#index as HTML
  Rendering posts/index.html.haml within layouts/application
  Rendered posts/index.html.haml within layouts/application (7.0ms)
Started GET "/" for ::1 at 2019-12-14 14:00:43 +0900
  [1m[35m (0.3ms)[0m  [1m[35mSET NAMES utf8,  @@SESSION.sql_mode = CONCAT(CONCAT(@@sql_mode, ',STRICT_ALL_TABLES'), ',NO_AUTO_VALUE_ON_ZERO'),  @@SESSION.sql_auto_is_null = 0, @@SESSION.wait_timeout = 2147483[0m
  ↳ /Users/yuzurusatou/.rbenv/versions/2.5.1/lib/ruby/gems/2.5.0/gems/activerecord-5.2.4/lib/active_record/log_subscriber.rb:98
Processing by PostsController#index as HTML
  Rendering posts/index.html.haml within layouts/application
  Rendered posts/index.html.haml within layouts/application (3.2ms)
Completed 200 OK in 4319ms (Views: 4312.9ms | ActiveRecord: 0.0ms)


Completed 200 OK in 1462ms (Views: 1459.3ms | ActiveRecord: 0.0ms)


Started GET "/" for ::1 at 2019-12-14 14:01:02 +0900
Processing by PostsController#index as HTML
  Rendering posts/index.html.haml within layouts/application
  Rendered posts/index.html.haml within layouts/application (4.2ms)
Completed 200 OK in 57ms (Views: 54.1ms | ActiveRecord: 0.0ms)


Started GET "/" for ::1 at 2019-12-14 14:02:10 +0900
Processing by PostsController#index as HTML
  Rendering posts/index.html.haml within layouts/application
  Rendered posts/index.html.haml within layouts/application (4.1ms)
Completed 200 OK in 63ms (Views: 60.0ms | ActiveRecord: 0.0ms)


Started GET "/" for ::1 at 2019-12-14 14:02:12 +0900
Processing by PostsController#index as HTML
  Rendering posts/index.html.haml within layouts/application
  Rendered posts/index.html.haml within layouts/application (2.5ms)
Completed 200 OK in 32ms (Views: 29.4ms | ActiveRecord: 0.0ms)


Started GET "/" for ::1 at 2019-12-14 14:02:28 +0900
Processing by PostsController#index as HTML
  Rendering posts/index.html.haml within layouts/application
  Rendered posts/index.html.haml within layouts/application (3.4ms)
Completed 200 OK in 35ms (Views: 32.4ms | ActiveRecord: 0.0ms)


Started GET "/" for ::1 at 2019-12-14 14:02:34 +0900
Processing by PostsController#index as HTML
  Rendering posts/index.html.haml within layouts/application
  Rendered posts/index.html.haml within layouts/application (3.2ms)
Completed 200 OK in 63ms (Views: 59.8ms | ActiveRecord: 0.0ms)


Started GET "/" for ::1 at 2019-12-14 14:03:01 +0900
Processing by PostsController#index as HTML
  Rendering posts/index.html.haml within layouts/application
  Rendered posts/index.html.haml within layouts/application (3.0ms)
Completed 200 OK in 28ms (Views: 25.9ms | ActiveRecord: 0.0ms)


Started GET "/" for ::1 at 2019-12-14 14:48:52 +0900
  [1m[35m (0.3ms)[0m  [1m[35mSET NAMES utf8,  @@SESSION.sql_mode = CONCAT(CONCAT(@@sql_mode, ',STRICT_ALL_TABLES'), ',NO_AUTO_VALUE_ON_ZERO'),  @@SESSION.sql_auto_is_null = 0, @@SESSION.wait_timeout = 2147483[0m
  ↳ /Users/yuzurusatou/.rbenv/versions/2.5.1/lib/ruby/gems/2.5.0/gems/activerecord-5.2.4/lib/active_record/log_subscriber.rb:98
Processing by PostsController#index as HTML
  Rendering posts/index.html.haml within layouts/application
  Rendered posts/index.html.haml within layouts/application (2.8ms)
Completed 200 OK in 1001ms (Views: 996.5ms | ActiveRecord: 0.0ms)


Started GET "/" for ::1 at 2019-12-14 14:50:31 +0900
Processing by PostsController#index as HTML
  Rendering posts/index.html.haml within layouts/application
  Rendered posts/index.html.haml within layouts/application (4.4ms)
Completed 200 OK in 1153ms (Views: 1150.0ms | ActiveRecord: 0.0ms)


Started GET "/" for ::1 at 2019-12-14 14:52:59 +0900
Processing by PostsController#index as HTML
  Rendering posts/index.html.haml within layouts/application
  Rendered posts/index.html.haml within layouts/application (2.5ms)
Completed 200 OK in 1073ms (Views: 1070.0ms | ActiveRecord: 0.0ms)


Started GET "/" for ::1 at 2019-12-14 14:53:31 +0900
Processing by PostsController#index as HTML
  Rendering posts/index.html.haml within layouts/application
  Rendered posts/index.html.haml within layouts/application (2.6ms)
Completed 200 OK in 1169ms (Views: 1165.6ms | ActiveRecord: 0.0ms)


Started GET "/" for ::1 at 2019-12-14 14:54:44 +0900
Processing by PostsController#index as HTML
  Rendering posts/index.html.haml within layouts/application
  Rendered posts/index.html.haml within layouts/application (3.7ms)
Completed 200 OK in 997ms (Views: 994.6ms | ActiveRecord: 0.0ms)


Started GET "/" for ::1 at 2019-12-14 14:59:39 +0900
Processing by PostsController#index as HTML
  Rendering posts/index.html.haml within layouts/application
  Rendered posts/index.html.haml within layouts/application (10.9ms)
Completed 500 Internal Server Error in 20ms (ActiveRecord: 0.0ms)


  
SyntaxError (/Users/yuzurusatou/Desktop/projects/view_drill/app/views/posts/index.html.haml:8: syntax error, unexpected keyword_class, expecting ')'
...n('fab','facebook-square' class:"contents__btn--icon")
...                          ^~~~~
/Users/yuzurusatou/Desktop/projects/view_drill/app/views/posts/index.html.haml:8: syntax error, unexpected ')', expecting &. or :: or '[' or '.'
...e' class:"contents__btn--icon")
...                              ^
/Users/yuzurusatou/Desktop/projects/view_drill/app/views/posts/index.html.haml:9: syntax error, unexpected keyword_end, expecting ')'
...< ("\nFacebook\n".freeze);; end;; _hamlout.buffer << ((::Ham...
...                            ^~~
/Users/yuzurusatou/Desktop/projects/view_drill/app/views/posts/index.html.haml:11: syntax error, unexpected keyword_class, expecting ')'
...on('fab','twitter-square' class:"contents__btn--icon")
...                          ^~~~~
/Users/yuzurusatou/Desktop/projects/view_drill/app/views/posts/index.html.haml:11: syntax error, unexpected ')', expecting &. or :: or '[' or '.'
...e' class:"contents__btn--icon")
...                              ^
/Users/yuzurusatou/Desktop/projects/view_drill/app/views/posts/index.html.haml:12: syntax error, unexpected keyword_end, expecting ')'
...<< ("\nTwitter\n".freeze);; end;; _hamlout.buffer << ((::Ham...
...                            ^~~
/Users/yuzurusatou/Desktop/projects/view_drill/app/views/posts/index.html.haml:14: syntax error, unexpected keyword_class, expecting ')'
...(((icon('fab','instagram' class:"contents__btn--icon")
...                          ^~~~~
/Users/yuzurusatou/Desktop/projects/view_drill/app/views/posts/index.html.haml:14: syntax error, unexpected ')', expecting &. or :: or '[' or '.'
...m' class:"contents__btn--icon")
...                              ^
/Users/yuzurusatou/Desktop/projects/view_drill/app/views/posts/index.html.haml:15: syntax error, unexpected keyword_end, expecting ')'
... ("\nInstagram\n".freeze);; end;; _hamlout.buffer << ((::Ham...
...                            ^~~
/Users/yuzurusatou/Desktop/projects/view_drill/app/views/posts/index.html.haml:15: syntax error, unexpected keyword_ensure, expecting ')'
...:Util.html_safe(_erbout);ensure;@haml_buffer = @haml_buffer....
...                         ^~~~~~
/Users/yuzurusatou/Desktop/projects/view_drill/app/views/posts/index.html.haml:15: syntax error, unexpected keyword_end, expecting ')'
...uffer.upper if @haml_buffer;end;
...                            ^~~
/Users/yuzurusatou/Desktop/projects/view_drill/app/views/posts/index.html.haml:18: syntax error, unexpected keyword_end, expecting ')'
          end
          ^~~):
  
app/views/posts/index.html.haml:8: syntax error, unexpected keyword_class, expecting ')'
app/views/posts/index.html.haml:8: syntax error, unexpected ')', expecting &. or :: or '[' or '.'
app/views/posts/index.html.haml:9: syntax error, unexpected keyword_end, expecting ')'
app/views/posts/index.html.haml:11: syntax error, unexpected keyword_class, expecting ')'
app/views/posts/index.html.haml:11: syntax error, unexpected ')', expecting &. or :: or '[' or '.'
app/views/posts/index.html.haml:12: syntax error, unexpected keyword_end, expecting ')'
app/views/posts/index.html.haml:14: syntax error, unexpected keyword_class, expecting ')'
app/views/posts/index.html.haml:14: syntax error, unexpected ')', expecting &. or :: or '[' or '.'
app/views/posts/index.html.haml:15: syntax error, unexpected keyword_end, expecting ')'
app/views/posts/index.html.haml:15: syntax error, unexpected keyword_ensure, expecting ')'
app/views/posts/index.html.haml:15: syntax error, unexpected keyword_end, expecting ')'
app/views/posts/index.html.haml:18: syntax error, unexpected keyword_end, expecting ')'
Started GET "/" for ::1 at 2019-12-14 15:00:57 +0900
Processing by PostsController#index as HTML
  Rendering posts/index.html.haml within layouts/application
  Rendered posts/index.html.haml within layouts/application (4.6ms)
Completed 200 OK in 1083ms (Views: 1079.7ms | ActiveRecord: 0.0ms)


Started GET "/" for ::1 at 2019-12-14 15:01:38 +0900
Processing by PostsController#index as HTML
  Rendering posts/index.html.haml within layouts/application
  Rendered posts/index.html.haml within layouts/application (6.0ms)
Completed 200 OK in 49ms (Views: 44.6ms | ActiveRecord: 0.0ms)


Started GET "/" for ::1 at 2019-12-14 15:10:28 +0900
  [1m[35m (0.2ms)[0m  [1m[35mSET NAMES utf8,  @@SESSION.sql_mode = CONCAT(CONCAT(@@sql_mode, ',STRICT_ALL_TABLES'), ',NO_AUTO_VALUE_ON_ZERO'),  @@SESSION.sql_auto_is_null = 0, @@SESSION.wait_timeout = 2147483[0m
  ↳ /Users/yuzurusatou/.rbenv/versions/2.5.1/lib/ruby/gems/2.5.0/gems/activerecord-5.2.4/lib/active_record/log_subscriber.rb:98
Processing by PostsController#index as HTML
  Rendering posts/index.html.haml within layouts/application
  Rendered posts/index.html.haml within layouts/application (2.7ms)
Completed 500 Internal Server Error in 9ms (ActiveRecord: 0.0ms)


  
SyntaxError (/Users/yuzurusatou/Desktop/projects/view_drill/app/views/posts/index.html.haml:9: syntax error, unexpected ';', expecting ')'
)).to_s);).to_s);; _hamlout.buffer << ...
        ^
/Users/yuzurusatou/Desktop/projects/view_drill/app/views/posts/index.html.haml:9: syntax error, unexpected keyword_end, expecting ')'
...an<>\nFacebook\n".freeze);; end;; _hamlout.buffer << ((::Ham...
...                            ^~~
/Users/yuzurusatou/Desktop/projects/view_drill/app/views/posts/index.html.haml:17: syntax error, unexpected keyword_ensure, expecting ')'
...:Util.html_safe(_erbout);ensure;@haml_buffer = @haml_buffer....
...                         ^~~~~~
/Users/yuzurusatou/Desktop/projects/view_drill/app/views/posts/index.html.haml:17: syntax error, unexpected keyword_end, expecting ')'
...uffer.upper if @haml_buffer;end;
...                            ^~~
/Users/yuzurusatou/Desktop/projects/view_drill/app/views/posts/index.html.haml:20: syntax error, unexpected keyword_end, expecting ')'
          end
          ^~~):
  
app/views/posts/index.html.haml:9: syntax error, unexpected ';', expecting ')'
app/views/posts/index.html.haml:9: syntax error, unexpected keyword_end, expecting ')'
app/views/posts/index.html.haml:17: syntax error, unexpected keyword_ensure, expecting ')'
app/views/posts/index.html.haml:17: syntax error, unexpected keyword_end, expecting ')'
app/views/posts/index.html.haml:20: syntax error, unexpected keyword_end, expecting ')'
Started GET "/" for ::1 at 2019-12-14 15:10:57 +0900
Processing by PostsController#index as HTML
  Rendering posts/index.html.haml within layouts/application
  Rendered posts/index.html.haml within layouts/application (3.0ms)
Completed 500 Internal Server Error in 10ms (ActiveRecord: 0.0ms)


  
SyntaxError (/Users/yuzurusatou/Desktop/projects/view_drill/app/views/posts/index.html.haml:9: syntax error, unexpected ';', expecting ')'
)).to_s);).to_s);; _hamlout.rstrip!
        ^
/Users/yuzurusatou/Desktop/projects/view_drill/app/views/posts/index.html.haml:10: syntax error, unexpected keyword_end, expecting ')'
.../span>Facebook\n".freeze);; end;; _hamlout.buffer << ((::Ham...
...                            ^~~
/Users/yuzurusatou/Desktop/projects/view_drill/app/views/posts/index.html.haml:18: syntax error, unexpected keyword_ensure, expecting ')'
...:Util.html_safe(_erbout);ensure;@haml_buffer = @haml_buffer....
...                         ^~~~~~
/Users/yuzurusatou/Desktop/projects/view_drill/app/views/posts/index.html.haml:18: syntax error, unexpected keyword_end, expecting ')'
...uffer.upper if @haml_buffer;end;
...                            ^~~
/Users/yuzurusatou/Desktop/projects/view_drill/app/views/posts/index.html.haml:21: syntax error, unexpected keyword_end, expecting ')'
          end
          ^~~):
  
app/views/posts/index.html.haml:9: syntax error, unexpected ';', expecting ')'
app/views/posts/index.html.haml:10: syntax error, unexpected keyword_end, expecting ')'
app/views/posts/index.html.haml:18: syntax error, unexpected keyword_ensure, expecting ')'
app/views/posts/index.html.haml:18: syntax error, unexpected keyword_end, expecting ')'
app/views/posts/index.html.haml:21: syntax error, unexpected keyword_end, expecting ')'
Started GET "/" for ::1 at 2019-12-14 15:11:18 +0900
Processing by PostsController#index as HTML
  Rendering posts/index.html.haml within layouts/application
  Rendered posts/index.html.haml within layouts/application (3.7ms)
Completed 200 OK in 57ms (Views: 54.1ms | ActiveRecord: 0.0ms)


